<?xml version="1.0" encoding="UTF-8"?>
<!-- Generated by org.testng.reporters.JUnitReportReporter -->
<testsuite skipped="0" hostname="idea-PC" name="testcases.TC002_CreateLeadNeg" tests="3" failures="0" timestamp="29 Jul 2018 06:50:15 GMT" time="173.302" errors="0">
  <testcase name="createLead" time="66.221" classname="testcases.TC002_CreateLeadNeg"/>
  <testcase name="createLead" time="62.144" classname="testcases.TC002_CreateLeadNeg"/>
  <testcase name="createLead" time="44.937" classname="testcases.TC002_CreateLeadNeg"/>
</testsuite> <!-- testcases.TC002_CreateLeadNeg -->
