<?xml version="1.0" encoding="UTF-8"?>
<!-- Generated by org.testng.reporters.JUnitReportReporter -->
<testsuite skipped="0" hostname="idea-PC" name="week6day1.ReadExcel" tests="1" failures="0" timestamp="28 Jul 2018 04:03:59 GMT" time="1.336" errors="0">
  <testcase name="readExcel" time="1.336" classname="week6day1.ReadExcel"/>
</testsuite> <!-- week6day1.ReadExcel -->
