<?xml version="1.0" encoding="UTF-8"?>
<!-- Generated by org.testng.reporters.JUnitReportReporter -->
<testsuite skipped="0" hostname="idea-PC" name="testcases.TC001_CreateLead" tests="3" failures="0" timestamp="29 Jul 2018 05:41:10 GMT" time="60.111" errors="0">
  <testcase name="createLead" time="23.000" classname="testcases.TC001_CreateLead"/>
  <testcase name="createLead" time="18.321" classname="testcases.TC001_CreateLead"/>
  <testcase name="createLead" time="18.790" classname="testcases.TC001_CreateLead"/>
</testsuite> <!-- testcases.TC001_CreateLead -->
